01 - Золотой век музыки - 1
02 - Золотой век музыки - 2
03 - Сегодня в июне
04 - За океаном, или Дайте нам своих Битлов
05 - За океаном, или Дайте нам своих Битлов - 2
06 - Золотой век музыки - 3
07 - Вавилонская филармония
08 - Куда бедному крестьянину податься?
09 - World music
10 - Магия музыки
11 - Голова Бога Брана
12 - Против шерсти
13 - Рок-н-ролл
14 - Альтернатива за океаном или
15 - God Save Britania (80s)
16 - Синтезатор Galore!
17 - Beatles после Beatles
18 - Прямой эфир
19 - Пора сбора урожая
20 - Россия - 80-е
21 - С днем рождения, Джон
22 - Сделай Сам!
23 - Правь, Британия!
24 - Самайн (Соуэн)
25 - Странные песни, странные люди, безоблачный мир
26 - Поучительная История Б. Дилана
27 - Голоса Гандхарвов
28 - День Рождения
29 - Этно Снова На Коне
30 - Музыка Безмятежной Неги
31 - Позитивные Вибрации С Солнечного Острова
32 - Рождественские песни
33 - Свет и сладость
34 - Мудрость пустыни
35 - 70-е - 2
36 - Гитары гандхарвов
37 - Imbolk - Celts Galore!
38 - American Cousins
39 - Звук Другого Барабана
40 - Есенин и Электроника
41 - Happy Birthday, George!
42 - Слово о Великой Богине
43 - Марк Болан
44 - Голоса Из Золотого Сумрака
45 - Donovan
46 - Беспечный Русский Бродяга
47 - Божественная Музыка
48 - Как Рок-н-Ролл Спас Западную Цивилизацию От Вымирания
49 - Пока Несут Сакэ!
50 - Белтайн
51 - Traveling Wilburys
52 - Новенькое
53 - Песни и Как Их Писать
54 - Медитация
55 - The Kinks
56 - Новая Волна
57 - С днем рождения, Пол
58 - Вечнозеленый Бомж
59 - КСП USA
60 - Джаз!
61 - Ирландское рагу
62 - Слово О Мистиках
63 - Лунассад
64 - Дорогая Мария Васильевна!
65 - Мосты Между Небом и Землей
66 - Ирландское Рагу 2
67 - Слово Растаману
68 - Общие принципы употребления алкогольных напитков
69 - Новые альбомы
70 - Кот Да Винчи
71 - Ирландское Рагу No.3 (и ремиксы)
72 - История Джеффа Линна
73 - Золотая Заря Рок-н-Ролла
74 - Краткая Суть Буддизма
75 - Митьки и Дэвид Боуи
76 - Samhain
77 - Снова 70-е
78 - Песни южных морей
79 - Новые песни, старые песни
80 - Психоделия
81 - George Frideric Handel
82 - Tom Waits: Сироты и все-все-все
83 - Happy Birthday, Keith!
84 - Christmas time Again!
85 - С Наступающим!
86 - 10 лучших групп за последние 2006 лет
87 - Содержимое Моей Головы
88 - Tom Petty
89 - Памятка Паломнику по Европе
90 - Traffic
91 - Cocteau Twins
92 - Искатель Бога Cat Stevens,
93 - Музыка Индии
94 - О любви
95 - Квасса-Квасса или Этно-3
96 - The Grateful Dead
97 - Суфии - Кто Они?
98 - ОБЭРИУ
99 - Апология Америки
100 - 1000 лет музыки
101 - Richard Thompson
102 - Дверь Лета (Beltane Eve)
103 - Памяти Ильи Кормильцева
104 - Elvis Presley'56
105 - Новая Коломна
106 - Иоганн Себастьян Бах
107 - Frank Zappa
108 - Новые песни
109 - Серьезная Музыка
110 - Несерьезная Музыка
111 - Sgt. Pepper's Lonely Hearts Club Band
112 - R.E.M.
113 - Дао Де Цзин
114 - Восток и Запад
115 - Silly Wizard
116 - Археология - Canterbury And Others
117 - Алиса в Зазеркалье
118 - Сно-видение
119 - The Byrds
120 - Новые Песни В Сентябре
121 - Paul Simon
122 - Jimi: Are You Experienced?
123 - Энергия (Мажор и Минор)
124 - Музыка Средних Веков
125 - Вкус Времени или Что Еще Происходило
126 - Leonard Cohen
127 - Наваратри
128 - Samhain - Традиции
129 - Экклезиаст TOP 10
130 - Окуджава и Co.
131 - Robert Palmer 
132 - Музыка
133 - UK 80's, Part 2
134 - Россия: Восток или Запад
135 - Roy Orbison
136 - Рождество
137 - Науки Умеют Много Гитик
138 - Русское Рождество
139 - Запах Будущего
140 - Барокко
141 - Тайна Виски (Химолк)
142 - Миттельмарш
143 - Шри Чинмой
144 - Free
145 - London Town
146 - Совсем Новые Имена
147 - 9 марта
148 - The Doors
149 - Эпоха Водолея
150 - Земля Обетованная
151 - Peter Gabriel
152 - Downshifters
153 - Совершенная Радость
154 - Точка зрения
155 - Incredible String Band
156 - Звуки Му как Зеркало  Русской Революции или 
157 - Просто Зэн
158 - The Who
159 - Сила Чардаша
160 - Живи, Живое!
161 - А я и не знал...
162 - Инструменты
163 - Притчи
164 - Smile
165 - Krishna Das
166 - Новые песни в июле
167 - Омар H. H. Хайям
168 - Lughnassad'08
169 - Кебра Нагаст Даб
170 - Beatles As Avatar
171 - Рагу  a la Onegin
172 - Как Отличить Мужчину От Женщины
173 - Иоханнес Брамс
174 - Family
175 - Четыре Времени Жизни
176 - Piano
177 - Сила музыки
178 - October Songs
179 - More October Songs
180 - Rock Bottom
181 - Сестры Коллинз
182 - Поп Музыка
183 - Дебюсси
184 - Слоны на кислоте
185 - Glenn Miller Story
186 - Лошадь Белая
187 - Country Music
188 - Солнцеворот Mix
189 - Скоро Новый Год!
190 - Притчи 2009
191 - Совсем Другая Му
192 - Альбомы 2008
193 - Kind Of Blue
194 - Sandy Denny (Imbolc)
195 - Мотаун
196 - Франц Шуберт
197 - Хвала Интернет Радио
198 - Islands of King Crimson
199 - 8 Марта
200 - Самое Простое
201 - Лавка Древностей
202 - Новые Песни Старых Коней
203 - Astral Weeks
204 - День Космонавтики
205 - A Little about Xavier
206 - Легкомысленный Аэростат
207 - Flook!
208 - Ускользающая красота
209 - Nick Drake
210 - Heavy
211 - Конфуций
212 - Medium Is The Massage
213 - Nu June Tunes
214 - The Hollies
215 - Новые Записи Ци Се
216 - Crosby, Stills & Nash
217 - Emerson, Lake & Palmer
218 - Procol Harum
219 - Новые Звуки Лета '09
220 - Lughnassad
221 - Поэзия
222 - Roxy Music
223 - Ears Splitting Louden Boomer
224 - Brian Eno, Part 1
225 - Чему не учат в школе
226 - The Knife
227 - Короли и Капуста
228 - Новые Звуки Сентября
229 - Traveling Wilburys
230 - Пушкинская 10
231 - Juluka
232 - Катха Упанишада
233 - Rog Stars Sing Samhain
234 - Benefit
235 - Все Коту Масленица
236 - Mary Hopkin
237 - Brian Eno, Part 2
238 - Итоги 1й декады
239 - Cotton Mather
240 - Новогодние заявки
241 - Christmas Again!
242 - Притчи 2010
243 - Best Albums 2009
244 - Mini-Operas
245 - Депрессивный День
246 - Steeleye Span
247 - Москва и Окрестности
248 - Glitter and Doom
249 - Кто Все Эти Люди?
250 - The Troggs
251 - Вариации Адама и Евы
252 - Новые Альбомы. Март
253 - Crazy World of Mr. Arthur Brown
254 - Brian Eno, Part 3. Продюсер
255 - Новые Викторианцы
256 - Pub Rock
257 - Dream Pop
258 - Joni Mitchell
259 - Beltane
260 - Cocteau Twins
261 - Red Hot Chili Peppers
262 - Kraftwerk
263 - Darwin Diverse
264 - Музыка как Аватар
265 - Nu June Tunes
266 - Don McLean
268 - Leon Redbone
269 - Сиддхи и Чудеса
270 - Мастеркласс Т. Уэйтса
271 - As Time Goes By
272 - Lugh 2010
273 - Ричард Броутиган
274 - Musique Moderne
275 - Песни, которые я люблю
276 - Плоды Этого Лета
277 - System Of A Down
278 - Неигранное
279 - Бердяев и Русский Рок
280 - Урожай Сентября
282 - Beatles' Footsteps
283 - Graceland
284 - New October Mu
285 - Pagan Albion
286 - Post Punk
287 - Мой Флойд
288 - Coltrane Supreme
289 - UK 60s (part 5)
290 - Madness
291 - Новые Песни Декабря
292 - Псалмы Джорджа Харрисона
293 - С Рождеством!
294 - Притчи нового года
295 - Gentle Giant
296 - Eels
297 - Артель Слон 6
298 - Imbolk
299 - Rockabilly
300 - 300 полетов о любви
301 - Юг, Север и другие
302 - Cream
303 - Если нельзя, но очень хочется
304 - Слава Воробьям
305 - Captain Beefheart
306 - Мартовские Зайцы
307 - Музыка Армении
308 - Human League
309 - Пальмовое Вино
310 - Пасха
311 - Van The Man
312 - Вера Чистой Воды
313 - New Age
313 - New Age
314 - Новые Песни Весны
314 - Новые Песни Весны
315 - Матрица Бабы-Яги
316 - Иконостас
317 - Остров огня и льда
318 - Три минуты славы
319 - Sam Cooke
320 - Острова Блаженных
321 - Melanie
322 - Звуки этого лета
323 - Exile On Main Street
324 - Lugh, 2011
325 - Ringo!
326 - Вальс
327 - Мыслитель
328 - Lovin' Spoonful
329 - Чжуан Цзы
330 - Новые Песни со Стогов
331 - Бутлег
332 - Хроники Священных Коров
333 - Неслыханное
334 - Doo Woop
335 - Eurythmics
336 - Молодой Родерик С.
337 - Золото Эльфов
338 - Новые Песни Осени
339 - Ваши Заявки
340 - Bell X1
341 - Под Радар
342 - Duckworth Lewis Method
343 - Новая Романтика
344 - Святой Кит
345 - Happy Christmas!
346 - С Новым Годом!
347 - Обо Всем Понемногу
348 - Совсем Новые Песни
349 - Охота К Перемене Мест
350 - Imbolc 2012
351 - Gryphon Prog
352 - Haydn
353 - Меланхолия
354 - Калипсо и другие
355 - Slade
356 - А это кто такие?
357 - Parsley, Sage, Rosemary & Thyme
358 - Харри Парч и все-все-все
359 - Нововышедшее
360 - The Monkees
361 - Пасха
362 - Свадебные песни
363 - Белтайн
363 - Белтайн
364 - 60-е Снова На Коне
365 - Новые Песни Мая
366 - История Пси
367 - Oasis
368 - Неигранное
369 - Из Жизни Неста Р. Марли
370 - Премьеры Июня
371 - Летние Желания
372 - Музыка Второго Плана (George Shearing)
373 - Переиздания
374 - Новости с полей гармонии
375 - Дверь в Сегодня
376 - Lugh. Шинейд
377 - Урожай Начала Августа
378 - Воздухоплавание В Компании Сфинксов
379 - Cosmo Jarvis
380 - О Срезании Травы
381 - Услышанное Во Сне
382 - 9 Заметок О Париже
383 - Сокровенные Песни
384 - Новое
385 - Просто хорошие песни
386 - Скандинавский Джаз
387 - Jeff Lynne, Long Wave
388 - А Знаете Ли Вы?
389 - О'Каролан
390 - Орган
391 - The Smiths
392 - Новинки ноября
393 - Опять заявки
394 - Magical Mystery Tour
395 - Ирландское Рагу 12/12
396 - Хиппи Хиппи Шейк
397 - Рождество
398 - С Новым Годом!
399 - Притчи
400 - Богема
401 - A Beard Of Stars
403 - Песни с историями
404 - Лучшие Альбомы 2012
405 - Новые Альбомы 2013
406 - Chet Baker
407 - Этих Мы Не Слышали
408 - Плохой Как Уэйтс
409 - Новые Песни Марта
410 - The Mamas & The Papas
