{"name": "25 - \"\u0421\u0442\u0440\u0430\u043d\u043d\u044b\u0435 \u043f\u0435\u0441\u043d\u0438, \u0441\u0442\u0440\u0430\u043d\u043d\u044b\u0435 \u043b\u044e\u0434\u0438, \u0431\u0435\u0437\u043e\u0431\u043b\u0430\u0447\u043d\u044b\u0439 \u043c\u0438\u0440\""}
{"name": "26 - \"\u041f\u043e\u0443\u0447\u0438\u0442\u0435\u043b\u044c\u043d\u0430\u044f \u0418\u0441\u0442\u043e\u0440\u0438\u044f \u0411. \u0414\u0438\u043b\u0430\u043d\u0430\""}
{"name": "27 - \"\u0413\u043e\u043b\u043e\u0441\u0430 \u0413\u0430\u043d\u0434\u0445\u0430\u0440\u0432\u043e\u0432\""}
{"name": "28 - \u0414\u0435\u043d\u044c \u0420\u043e\u0436\u0434\u0435\u043d\u0438\u044f"}
{"name": "29 - \"\u042d\u0442\u043d\u043e \u0421\u043d\u043e\u0432\u0430 \u041d\u0430 \u041a\u043e\u043d\u0435\""}
{"name": "30 - \"\u041c\u0443\u0437\u044b\u043a\u0430 \u0411\u0435\u0437\u043c\u044f\u0442\u0435\u0436\u043d\u043e\u0439 \u041d\u0435\u0433\u0438\""}
{"name": "31 - \"\u041f\u043e\u0437\u0438\u0442\u0438\u0432\u043d\u044b\u0435 \u0412\u0438\u0431\u0440\u0430\u0446\u0438\u0438 \u0421 \u0421\u043e\u043b\u043d\u0435\u0447\u043d\u043e\u0433\u043e \u041e\u0441\u0442\u0440\u043e\u0432\u0430"}
{"name": "32 - \"\u0420\u043e\u0436\u0434\u0435\u0441\u0442\u0432\u0435\u043d\u0441\u043a\u0438\u0435 \u043f\u0435\u0441\u043d\u0438\""}
{"name": "33 - \"\u0421\u0432\u0435\u0442 \u0438 \u0441\u043b\u0430\u0434\u043e\u0441\u0442\u044c\""}
{"name": "34 - \"\u041c\u0443\u0434\u0440\u043e\u0441\u0442\u044c \u043f\u0443\u0441\u0442\u044b\u043d\u0438\""}
{"name": "35 - \"70-\u0435 - 2\""}
{"name": "36 - \"\u0413\u0438\u0442\u0430\u0440\u044b \u0433\u0430\u043d\u0434\u0445\u0430\u0440\u0432\u043e\u0432\""}
{"name": "37 - \"Imbolk - Celts Galore!\""}
{"name": "38 - \"American Cousins\""}
{"name": "39 - \"\u0417\u0432\u0443\u043a \u0414\u0440\u0443\u0433\u043e\u0433\u043e \u0411\u0430\u0440\u0430\u0431\u0430\u043d\u0430\""}
{"name": "40 - \"\u0415\u0441\u0435\u043d\u0438\u043d \u0438 \u042d\u043b\u0435\u043a\u0442\u0440\u043e\u043d\u0438\u043a\u0430\""}
{"name": "41 - \"Happy Birthday, George!\""}
{"name": "42 - \"\u0421\u043b\u043e\u0432\u043e \u043e \u0412\u0435\u043b\u0438\u043a\u043e\u0439 \u0411\u043e\u0433\u0438\u043d\u0435\""}
{"name": "43 - \"\u041c\u0430\u0440\u043a \u0411\u043e\u043b\u0430\u043d\""}
{"name": "44 - \"\u0413\u043e\u043b\u043e\u0441\u0430 \u0418\u0437 \u0417\u043e\u043b\u043e\u0442\u043e\u0433\u043e \u0421\u0443\u043c\u0440\u0430\u043a\u0430\""}
{"name": "45 - \"Donovan\""}
{"name": "46 - \"\u0411\u0435\u0441\u043f\u0435\u0447\u043d\u044b\u0439 \u0420\u0443\u0441\u0441\u043a\u0438\u0439 \u0411\u0440\u043e\u0434\u044f\u0433\u0430\""}
{"name": "47 - \"\u0411\u043e\u0436\u0435\u0441\u0442\u0432\u0435\u043d\u043d\u0430\u044f \u041c\u0443\u0437\u044b\u043a\u0430\""}
{"name": "48 - \"\u041a\u0430\u043a \u0420\u043e\u043a-\u043d-\u0420\u043e\u043b\u043b \u0421\u043f\u0430\u0441 \u0417\u0430\u043f\u0430\u0434\u043d\u0443\u044e \u0426\u0438\u0432\u0438\u043b\u0438\u0437\u0430\u0446\u0438\u044e \u041e\u0442 \u0412\u044b\u043c\u0438\u0440\u0430\u043d\u0438\u044f\""}
{"name": "49 - \"\u041f\u043e\u043a\u0430 \u041d\u0435\u0441\u0443\u0442 \u0421\u0430\u043a\u044d!\""}
{"name": "50 - \u0411\u0435\u043b\u0442\u0430\u0439\u043d"}
{"name": "51 - Traveling Wilburys"}
{"name": "52 - \u041d\u043e\u0432\u0435\u043d\u044c\u043a\u043e\u0435"}
{"name": "53 - \u041f\u0435\u0441\u043d\u0438 \u0438 \u041a\u0430\u043a \u0418\u0445 \u041f\u0438\u0441\u0430\u0442\u044c"}
{"name": "54 - \u041c\u0435\u0434\u0438\u0442\u0430\u0446\u0438\u044f"}
{"name": "55 - The Kinks"}
{"name": "56 - \u041d\u043e\u0432\u0430\u044f \u0412\u043e\u043b\u043d\u0430"}
{"name": "57 - \u0421 \u0434\u043d\u0435\u043c \u0440\u043e\u0436\u0434\u0435\u043d\u0438\u044f, \u041f\u043e\u043b"}
{"name": "58 - \u0412\u0435\u0447\u043d\u043e\u0437\u0435\u043b\u0435\u043d\u044b\u0439 \u0411\u043e\u043c\u0436"}
{"name": "59 - \u041a\u0421\u041f USA"}
{"name": "60 - \u0414\u0436\u0430\u0437!"}
{"name": "61 - \u0418\u0440\u043b\u0430\u043d\u0434\u0441\u043a\u043e\u0435 \u0440\u0430\u0433\u0443"}
{"name": "01 - \"\u0417\u043e\u043b\u043e\u0442\u043e\u0439 \u0432\u0435\u043a \u043c\u0443\u0437\u044b\u043a\u0438\" - 1"}
{"name": "02 - \"\u0417\u043e\u043b\u043e\u0442\u043e\u0439 \u0432\u0435\u043a \u043c\u0443\u0437\u044b\u043a\u0438\" - 2"}
{"name": "03 - \"\u0421\u0435\u0433\u043e\u0434\u043d\u044f \u0432 \u0438\u044e\u043d\u0435\""}
{"name": "04 - \"\u0417\u0430 \u043e\u043a\u0435\u0430\u043d\u043e\u043c, \u0438\u043b\u0438 \u0414\u0430\u0439\u0442\u0435 \u043d\u0430\u043c \u0441\u0432\u043e\u0438\u0445 \u0411\u0438\u0442\u043b\u043e\u0432\""}
{"name": "05 - \"\u0417\u0430 \u043e\u043a\u0435\u0430\u043d\u043e\u043c, \u0438\u043b\u0438 \u0414\u0430\u0439\u0442\u0435 \u043d\u0430\u043c \u0441\u0432\u043e\u0438\u0445 \u0411\u0438\u0442\u043b\u043e\u0432 - 2\""}
{"name": "06 - \"\u0417\u043e\u043b\u043e\u0442\u043e\u0439 \u0432\u0435\u043a \u043c\u0443\u0437\u044b\u043a\u0438\" - 3"}
{"name": "07 - \"\u0412\u0430\u0432\u0438\u043b\u043e\u043d\u0441\u043a\u0430\u044f \u0444\u0438\u043b\u0430\u0440\u043c\u043e\u043d\u0438\u044f\""}
{"name": "08 - \"\u041a\u0443\u0434\u0430 \u0431\u0435\u0434\u043d\u043e\u043c\u0443 \u043a\u0440\u0435\u0441\u0442\u044c\u044f\u043d\u0438\u043d\u0443 \u043f\u043e\u0434\u0430\u0442\u044c\u0441\u044f?\""}
{"name": "09 - \"World music\""}
{"name": "10 - \"\u041c\u0430\u0433\u0438\u044f \u043c\u0443\u0437\u044b\u043a\u0438\""}
{"name": "11 - \"\u0413\u043e\u043b\u043e\u0432\u0430 \u0411\u043e\u0433\u0430 \u0411\u0440\u0430\u043d\u0430\""}
{"name": "12 - \"\u041f\u0440\u043e\u0442\u0438\u0432 \u0448\u0435\u0440\u0441\u0442\u0438\""}
{"name": "13 - \"\u0420\u043e\u043a-\u043d-\u0440\u043e\u043b\u043b\""}
{"name": "14 - \"\u0410\u043b\u044c\u0442\u0435\u0440\u043d\u0430\u0442\u0438\u0432\u0430 \u0437\u0430 \u043e\u043a\u0435\u0430\u043d\u043e\u043c \u0438\u043b\u0438"}
{"name": "15 - \"God Save Britania (80s)\""}
{"name": "16 - \"\u0421\u0438\u043d\u0442\u0435\u0437\u0430\u0442\u043e\u0440 Galore!\""}
{"name": "17 - \"Beatles \u043f\u043e\u0441\u043b\u0435 Beatles\""}
{"name": "62 - \u0421\u043b\u043e\u0432\u043e \u041e \u041c\u0438\u0441\u0442\u0438\u043a\u0430\u0445"}
{"name": "63 - \u041b\u0443\u043d\u0430\u0441\u0441\u0430\u0434"}
{"name": "64 - \u0414\u043e\u0440\u043e\u0433\u0430\u044f \u041c\u0430\u0440\u0438\u044f \u0412\u0430\u0441\u0438\u043b\u044c\u0435\u0432\u043d\u0430!"}
{"name": "65 - \u041c\u043e\u0441\u0442\u044b \u041c\u0435\u0436\u0434\u0443 \u041d\u0435\u0431\u043e\u043c \u0438 \u0417\u0435\u043c\u043b\u0435\u0439"}
{"name": "66 - \u0418\u0440\u043b\u0430\u043d\u0434\u0441\u043a\u043e\u0435 \u0420\u0430\u0433\u0443 2"}
{"name": "67 - \u0421\u043b\u043e\u0432\u043e \u0420\u0430\u0441\u0442\u0430\u043c\u0430\u043d\u0443"}
{"name": "68 - \u041e\u0431\u0449\u0438\u0435 \u043f\u0440\u0438\u043d\u0446\u0438\u043f\u044b \u0443\u043f\u043e\u0442\u0440\u0435\u0431\u043b\u0435\u043d\u0438\u044f \u0430\u043b\u043a\u043e\u0433\u043e\u043b\u044c\u043d\u044b\u0445 \u043d\u0430\u043f\u0438\u0442\u043a\u043e\u0432"}
{"name": "69 - \u041d\u043e\u0432\u044b\u0435 \u0430\u043b\u044c\u0431\u043e\u043c\u044b"}
{"name": "70 - \u041a\u043e\u0442 \u0414\u0430 \u0412\u0438\u043d\u0447\u0438"}
{"name": "71 - \u0418\u0440\u043b\u0430\u043d\u0434\u0441\u043a\u043e\u0435 \u0420\u0430\u0433\u0443 No.3 (\u0438 \u0440\u0435\u043c\u0438\u043a\u0441\u044b)"}
{"name": "72 - \u0418\u0441\u0442\u043e\u0440\u0438\u044f \u0414\u0436\u0435\u0444\u0444\u0430 \u041b\u0438\u043d\u043d\u0430"}
{"name": "18 - \u041f\u0440\u044f\u043c\u043e\u0439 \u044d\u0444\u0438\u0440"}
{"name": "19 - \"\u041f\u043e\u0440\u0430 \u0441\u0431\u043e\u0440\u0430 \u0443\u0440\u043e\u0436\u0430\u044f\""}
{"name": "20 - \"\u0420\u043e\u0441\u0441\u0438\u044f - 80-\u0435\""}
{"name": "21 - \"\u0421 \u0434\u043d\u0435\u043c \u0440\u043e\u0436\u0434\u0435\u043d\u0438\u044f, \u0414\u0436\u043e\u043d\""}
{"name": "22 - \"\u0421\u0434\u0435\u043b\u0430\u0439 \u0421\u0430\u043c!\""}
{"name": "23 - \"\u041f\u0440\u0430\u0432\u044c, \u0411\u0440\u0438\u0442\u0430\u043d\u0438\u044f!\""}
{"name": "24 - \"\u0421\u0430\u043c\u0430\u0439\u043d (\u0421\u043e\u0443\u044d\u043d)\""}
{"name": "97 - \u0421\u0443\u0444\u0438\u0438 - \u041a\u0442\u043e \u041e\u043d\u0438?"}
{"name": "98 - \u041e\u0411\u042d\u0420\u0418\u0423"}
{"name": "99 - \u0410\u043f\u043e\u043b\u043e\u0433\u0438\u044f \u0410\u043c\u0435\u0440\u0438\u043a\u0438"}
{"name": "100 - 1000 \u043b\u0435\u0442 \u043c\u0443\u0437\u044b\u043a\u0438"}
{"name": "101 - Richard Thompson"}
{"name": "102 - \u0414\u0432\u0435\u0440\u044c \u041b\u0435\u0442\u0430 (Beltane Eve)"}
{"name": "103 - \u041f\u0430\u043c\u044f\u0442\u0438 \u0418\u043b\u044c\u0438 \u041a\u043e\u0440\u043c\u0438\u043b\u044c\u0446\u0435\u0432\u0430"}
{"name": "104 - Elvis Presley'56"}
{"name": "105 - \u041d\u043e\u0432\u0430\u044f \u041a\u043e\u043b\u043e\u043c\u043d\u0430"}
{"name": "106 - \u0418\u043e\u0433\u0430\u043d\u043d \u0421\u0435\u0431\u0430\u0441\u0442\u044c\u044f\u043d \u0411\u0430\u0445"}
{"name": "73 - \u0417\u043e\u043b\u043e\u0442\u0430\u044f \u0417\u0430\u0440\u044f \u0420\u043e\u043a-\u043d-\u0420\u043e\u043b\u043b\u0430"}
{"name": "74 - \u041a\u0440\u0430\u0442\u043a\u0430\u044f \u0421\u0443\u0442\u044c \u0411\u0443\u0434\u0434\u0438\u0437\u043c\u0430"}
{"name": "75 - \u041c\u0438\u0442\u044c\u043a\u0438 \u0438 \u0414\u044d\u0432\u0438\u0434 \u0411\u043e\u0443\u0438"}
{"name": "76 - Samhain"}
{"name": "77 - \u0421\u043d\u043e\u0432\u0430 70-\u0435"}
{"name": "78 - \u041f\u0435\u0441\u043d\u0438 \u044e\u0436\u043d\u044b\u0445 \u043c\u043e\u0440\u0435\u0439"}
{"name": "79 - \u041d\u043e\u0432\u044b\u0435 \u043f\u0435\u0441\u043d\u0438, \u0441\u0442\u0430\u0440\u044b\u0435 \u043f\u0435\u0441\u043d\u0438"}
{"name": "80 - \u041f\u0441\u0438\u0445\u043e\u0434\u0435\u043b\u0438\u044f"}
{"name": "81 - George Frideric Handel"}
{"name": "82 - Tom Waits: \u0421\u0438\u0440\u043e\u0442\u044b \u0438 \u0432\u0441\u0435-\u0432\u0441\u0435-\u0432\u0441\u0435"}
{"name": "83 - Happy Birthday, Keith!"}
{"name": "84 - Christmas time Again!"}
{"name": "85 - \u0421 \u041d\u0430\u0441\u0442\u0443\u043f\u0430\u044e\u0449\u0438\u043c!"}
{"name": "86 - 10 \u043b\u0443\u0447\u0448\u0438\u0445 \u0433\u0440\u0443\u043f\u043f \u0437\u0430 \u043f\u043e\u0441\u043b\u0435\u0434\u043d\u0438\u0435 2006 \u043b\u0435\u0442"}
{"name": "87 - \u0421\u043e\u0434\u0435\u0440\u0436\u0438\u043c\u043e\u0435 \u041c\u043e\u0435\u0439 \u0413\u043e\u043b\u043e\u0432\u044b"}
{"name": "88 - Tom Petty"}
{"name": "89 - \u041f\u0430\u043c\u044f\u0442\u043a\u0430 \u041f\u0430\u043b\u043e\u043c\u043d\u0438\u043a\u0443 \u043f\u043e \u0415\u0432\u0440\u043e\u043f\u0435"}
{"name": "90 - Traffic"}
{"name": "91 - Cocteau Twins"}
{"name": "107 - Frank Zappa"}
{"name": "108 - \u041d\u043e\u0432\u044b\u0435 \u043f\u0435\u0441\u043d\u0438"}
{"name": "109 - \u0421\u0435\u0440\u044c\u0435\u0437\u043d\u0430\u044f \u041c\u0443\u0437\u044b\u043a\u0430"}
{"name": "110 - \u041d\u0435\u0441\u0435\u0440\u044c\u0435\u0437\u043d\u0430\u044f \u041c\u0443\u0437\u044b\u043a\u0430"}
{"name": "111 - Sgt. Pepper's Lonely Hearts Club Band"}
{"name": "112 - R.E.M."}
{"name": "113 - \u0414\u0430\u043e \u0414\u0435 \u0426\u0437\u0438\u043d"}
{"name": "114 - \u0412\u043e\u0441\u0442\u043e\u043a \u0438 \u0417\u0430\u043f\u0430\u0434"}
{"name": "115 - Silly Wizard"}
{"name": "116 - \u0410\u0440\u0445\u0435\u043e\u043b\u043e\u0433\u0438\u044f - Canterbury And Others"}
{"name": "117 - \u0410\u043b\u0438\u0441\u0430 \u0432 \u0417\u0430\u0437\u0435\u0440\u043a\u0430\u043b\u044c\u0435"}
{"name": "118 - \u0421\u043d\u043e-\u0432\u0438\u0434\u0435\u043d\u0438\u0435"}
{"name": "119 - The Byrds"}
{"name": "120 - \u041d\u043e\u0432\u044b\u0435 \u041f\u0435\u0441\u043d\u0438 \u0412 \u0421\u0435\u043d\u0442\u044f\u0431\u0440\u0435"}
{"name": "121 - Paul Simon"}
{"name": "92 - \u0418\u0441\u043a\u0430\u0442\u0435\u043b\u044c \u0411\u043e\u0433\u0430 Cat Stevens,"}
{"name": "93 - \u041c\u0443\u0437\u044b\u043a\u0430 \u0418\u043d\u0434\u0438\u0438"}
{"name": "94 - \u041e \u043b\u044e\u0431\u0432\u0438"}
{"name": "95 - \u041a\u0432\u0430\u0441\u0441\u0430-\u041a\u0432\u0430\u0441\u0441\u0430 \u0438\u043b\u0438 \u042d\u0442\u043d\u043e-3"}
{"name": "96 - The Grateful Dead"}
{"name": "123 - \u042d\u043d\u0435\u0440\u0433\u0438\u044f (\u041c\u0430\u0436\u043e\u0440 \u0438 \u041c\u0438\u043d\u043e\u0440)"}
{"name": "124 - \u041c\u0443\u0437\u044b\u043a\u0430 \u0421\u0440\u0435\u0434\u043d\u0438\u0445 \u0412\u0435\u043a\u043e\u0432"}
{"name": "125 - \u0412\u043a\u0443\u0441 \u0412\u0440\u0435\u043c\u0435\u043d\u0438 \u0438\u043b\u0438 \u0427\u0442\u043e \u0415\u0449\u0435 \u041f\u0440\u043e\u0438\u0441\u0445\u043e\u0434\u0438\u043b\u043e"}
{"name": "126 - Leonard Cohen"}
{"name": "127 - \u041d\u0430\u0432\u0430\u0440\u0430\u0442\u0440\u0438"}
{"name": "128 - Samhain - \u0422\u0440\u0430\u0434\u0438\u0446\u0438\u0438"}
{"name": "129 - \u042d\u043a\u043a\u043b\u0435\u0437\u0438\u0430\u0441\u0442 TOP 10"}
{"name": "130 - \u041e\u043a\u0443\u0434\u0436\u0430\u0432\u0430 \u0438 Co."}
{"name": "131 - Robert Palmer "}
{"name": "132 - \u041c\u0443\u0437\u044b\u043a\u0430"}
{"name": "133 - UK 80's, Part 2"}
{"name": "134 - \u0420\u043e\u0441\u0441\u0438\u044f: \u0412\u043e\u0441\u0442\u043e\u043a \u0438\u043b\u0438 \u0417\u0430\u043f\u0430\u0434"}
{"name": "135 - Roy Orbison"}
{"name": "136 - \u0420\u043e\u0436\u0434\u0435\u0441\u0442\u0432\u043e"}
{"name": "137 - \u041d\u0430\u0443\u043a\u0438 \u0423\u043c\u0435\u044e\u0442 \u041c\u043d\u043e\u0433\u043e \u0413\u0438\u0442\u0438\u043a"}
{"name": "138 - \u0420\u0443\u0441\u0441\u043a\u043e\u0435 \u0420\u043e\u0436\u0434\u0435\u0441\u0442\u0432\u043e"}
{"name": "147 - 9 \u043c\u0430\u0440\u0442\u0430"}
{"name": "148 - The Doors"}
{"name": "149 - \u042d\u043f\u043e\u0445\u0430 \u0412\u043e\u0434\u043e\u043b\u0435\u044f"}
{"name": "150 - \u0417\u0435\u043c\u043b\u044f \u041e\u0431\u0435\u0442\u043e\u0432\u0430\u043d\u043d\u0430\u044f"}
{"name": "151 - Peter Gabriel"}
{"name": "152 - Downshifters"}
{"name": "153 - \u0421\u043e\u0432\u0435\u0440\u0448\u0435\u043d\u043d\u0430\u044f \u0420\u0430\u0434\u043e\u0441\u0442\u044c"}
{"name": "154 - \u0422\u043e\u0447\u043a\u0430 \u0437\u0440\u0435\u043d\u0438\u044f"}
{"name": "155 - Incredible String Band"}
{"name": "156 - \u0417\u0432\u0443\u043a\u0438 \u041c\u0443 \u043a\u0430\u043a \u0417\u0435\u0440\u043a\u0430\u043b\u043e  \u0420\u0443\u0441\u0441\u043a\u043e\u0439 \u0420\u0435\u0432\u043e\u043b\u044e\u0446\u0438\u0438 \u0438\u043b\u0438 "}
{"name": "157 - \u041f\u0440\u043e\u0441\u0442\u043e \u0417\u044d\u043d"}
{"name": "158 - The Who"}
{"name": "159 - \u0421\u0438\u043b\u0430 \u0427\u0430\u0440\u0434\u0430\u0448\u0430"}
{"name": "160 - \u0416\u0438\u0432\u0438, \u0416\u0438\u0432\u043e\u0435!"}
{"name": "161 - \u0410 \u044f \u0438 \u043d\u0435 \u0437\u043d\u0430\u043b..."}
{"name": "162 - \u0418\u043d\u0441\u0442\u0440\u0443\u043c\u0435\u043d\u0442\u044b"}
{"name": "163 - \u041f\u0440\u0438\u0442\u0447\u0438"}
{"name": "164 - Smile"}
{"name": "165 - Krishna Das"}
{"name": "171 - \u0420\u0430\u0433\u0443  a la Onegin"}
{"name": "172 - \u041a\u0430\u043a \u041e\u0442\u043b\u0438\u0447\u0438\u0442\u044c \u041c\u0443\u0436\u0447\u0438\u043d\u0443 \u041e\u0442 \u0416\u0435\u043d\u0449\u0438\u043d\u044b"}
{"name": "173 - \u0418\u043e\u0445\u0430\u043d\u043d\u0435\u0441 \u0411\u0440\u0430\u043c\u0441"}
{"name": "174 - Family"}
{"name": "175 - \u0427\u0435\u0442\u044b\u0440\u0435 \u0412\u0440\u0435\u043c\u0435\u043d\u0438 \u0416\u0438\u0437\u043d\u0438"}
{"name": "176 - Piano"}
{"name": "177 - \u0421\u0438\u043b\u0430 \u043c\u0443\u0437\u044b\u043a\u0438"}
{"name": "178 - October Songs"}
{"name": "179 - More October Songs"}
{"name": "180 - Rock Bottom"}
{"name": "181 - \u0421\u0435\u0441\u0442\u0440\u044b \u041a\u043e\u043b\u043b\u0438\u043d\u0437"}
{"name": "182 - \u041f\u043e\u043f \u041c\u0443\u0437\u044b\u043a\u0430"}
{"name": "183 - \u0414\u0435\u0431\u044e\u0441\u0441\u0438"}
{"name": "184 - \u0421\u043b\u043e\u043d\u044b \u043d\u0430 \u043a\u0438\u0441\u043b\u043e\u0442\u0435"}
{"name": "185 - Glenn Miller Story"}
{"name": "186 - \u041b\u043e\u0448\u0430\u0434\u044c \u0411\u0435\u043b\u0430\u044f"}
{"name": "187 - Country Music"}
{"name": "122 - Jimi: Are You Experienced?"}
{"name": "139 - \u0417\u0430\u043f\u0430\u0445 \u0411\u0443\u0434\u0443\u0449\u0435\u0433\u043e"}
{"name": "140 - \u0411\u0430\u0440\u043e\u043a\u043a\u043e"}
{"name": "141 - \u0422\u0430\u0439\u043d\u0430 \u0412\u0438\u0441\u043a\u0438 (\u0425\u0438\u043c\u043e\u043b\u043a)"}
{"name": "142 - \u041c\u0438\u0442\u0442\u0435\u043b\u044c\u043c\u0430\u0440\u0448"}
{"name": "143 - \u0428\u0440\u0438 \u0427\u0438\u043d\u043c\u043e\u0439"}
{"name": "144 - Free"}
{"name": "145 - London Town"}
{"name": "146 - \u0421\u043e\u0432\u0441\u0435\u043c \u041d\u043e\u0432\u044b\u0435 \u0418\u043c\u0435\u043d\u0430"}
{"name": "166 - \u041d\u043e\u0432\u044b\u0435 \u043f\u0435\u0441\u043d\u0438 \u0432 \u0438\u044e\u043b\u0435"}
{"name": "167 - \u041e\u043c\u0430\u0440 H. H. \u0425\u0430\u0439\u044f\u043c"}
{"name": "168 - Lughnassad'08"}
{"name": "169 - \u041a\u0435\u0431\u0440\u0430 \u041d\u0430\u0433\u0430\u0441\u0442 \u0414\u0430\u0431"}
{"name": "170 - Beatles As Avatar"}
{"name": "188 - \u0421\u043e\u043b\u043d\u0446\u0435\u0432\u043e\u0440\u043e\u0442 Mix"}
{"name": "189 - \u0421\u043a\u043e\u0440\u043e \u041d\u043e\u0432\u044b\u0439 \u0413\u043e\u0434!"}
{"name": "190 - \u041f\u0440\u0438\u0442\u0447\u0438 2009"}
{"name": "191 - \u0421\u043e\u0432\u0441\u0435\u043c \u0414\u0440\u0443\u0433\u0430\u044f \u041c\u0443"}
{"name": "192 - \u0410\u043b\u044c\u0431\u043e\u043c\u044b 2008"}
{"name": "193 - Kind Of Blue"}
{"name": "194 - Sandy Denny (Imbolc)"}
{"name": "243 - Best Albums 2009"}
{"name": "244 - Mini-Operas"}
{"name": "245 - \u0414\u0435\u043f\u0440\u0435\u0441\u0441\u0438\u0432\u043d\u044b\u0439 \u0414\u0435\u043d\u044c"}
{"name": "246 - Steeleye Span"}
{"name": "247 - \u041c\u043e\u0441\u043a\u0432\u0430 \u0438 \u041e\u043a\u0440\u0435\u0441\u0442\u043d\u043e\u0441\u0442\u0438"}
{"name": "248 - \"Glitter and Doom\""}
{"name": "249 - \u041a\u0442\u043e \u0412\u0441\u0435 \u042d\u0442\u0438 \u041b\u044e\u0434\u0438?"}
{"name": "250 - The Troggs"}
{"name": "251 - \u0412\u0430\u0440\u0438\u0430\u0446\u0438\u0438 \u0410\u0434\u0430\u043c\u0430 \u0438 \u0415\u0432\u044b"}
{"name": "252 - \u041d\u043e\u0432\u044b\u0435 \u0410\u043b\u044c\u0431\u043e\u043c\u044b. \u041c\u0430\u0440\u0442"}
{"name": "253 - Crazy World of Mr. Arthur Brown"}
{"name": "254 - Brian Eno, Part 3. \u041f\u0440\u043e\u0434\u044e\u0441\u0435\u0440"}
{"name": "255 - \u041d\u043e\u0432\u044b\u0435 \u0412\u0438\u043a\u0442\u043e\u0440\u0438\u0430\u043d\u0446\u044b"}
{"name": "256 - Pub Rock"}
{"name": "257 - Dream Pop"}
{"name": "258 - Joni Mitchell"}
{"name": "259 - Beltane"}
{"name": "260 - Cocteau Twins"}
{"name": "261 - Red Hot Chili Peppers"}
{"name": "262 - Kraftwerk"}
{"name": "263 - Darwin Diverse"}
{"name": "264 - \u041c\u0443\u0437\u044b\u043a\u0430 \u043a\u0430\u043a \u0410\u0432\u0430\u0442\u0430\u0440"}
{"name": "265 - Nu June Tunes"}
{"name": "266 - Don McLean"}
{"name": "195 - \u041c\u043e\u0442\u0430\u0443\u043d"}
{"name": "196 - \u0424\u0440\u0430\u043d\u0446 \u0428\u0443\u0431\u0435\u0440\u0442"}
{"name": "197 - \u0425\u0432\u0430\u043b\u0430 \u0418\u043d\u0442\u0435\u0440\u043d\u0435\u0442 \u0420\u0430\u0434\u0438\u043e"}
{"name": "198 - Islands of King Crimson"}
{"name": "199 - 8 \u041c\u0430\u0440\u0442\u0430"}
{"name": "200 - \u0421\u0430\u043c\u043e\u0435 \u041f\u0440\u043e\u0441\u0442\u043e\u0435"}
{"name": "201 - \u041b\u0430\u0432\u043a\u0430 \u0414\u0440\u0435\u0432\u043d\u043e\u0441\u0442\u0435\u0439"}
{"name": "202 - \u041d\u043e\u0432\u044b\u0435 \u041f\u0435\u0441\u043d\u0438 \u0421\u0442\u0430\u0440\u044b\u0445 \u041a\u043e\u043d\u0435\u0439"}
{"name": "203 - Astral Weeks"}
{"name": "204 - \u0414\u0435\u043d\u044c \u041a\u043e\u0441\u043c\u043e\u043d\u0430\u0432\u0442\u0438\u043a\u0438"}
{"name": "205 - A Little about Xavier"}
{"name": "206 - \u041b\u0435\u0433\u043a\u043e\u043c\u044b\u0441\u043b\u0435\u043d\u043d\u044b\u0439 \u0410\u044d\u0440\u043e\u0441\u0442\u0430\u0442"}
{"name": "207 - Flook!"}
{"name": "208 - \u0423\u0441\u043a\u043e\u043b\u044c\u0437\u0430\u044e\u0449\u0430\u044f \u043a\u0440\u0430\u0441\u043e\u0442\u0430"}
{"name": "209 - Nick Drake"}
{"name": "210 - Heavy"}
{"name": "211 - \u041a\u043e\u043d\u0444\u0443\u0446\u0438\u0439"}
{"name": "212 - Medium Is The Massage"}
{"name": "213 - Nu June Tunes"}
{"name": "214 - The Hollies"}
{"name": "215 - \u041d\u043e\u0432\u044b\u0435 \u0417\u0430\u043f\u0438\u0441\u0438 \u0426\u0438 \u0421\u0435"}
{"name": "216 - Crosby, Stills & Nash"}
{"name": "217 - Emerson, Lake & Palmer"}
{"name": "218 - Procol Harum"}
{"name": "219 - \u041d\u043e\u0432\u044b\u0435 \u0417\u0432\u0443\u043a\u0438 \u041b\u0435\u0442\u0430 '09"}
{"name": "220 - Lughnassad"}
{"name": "221 - \u041f\u043e\u044d\u0437\u0438\u044f"}
{"name": "222 - Roxy Music"}
{"name": "223 - Ears Splitting Louden Boomer"}
{"name": "224 - Brian Eno, Part 1"}
{"name": "225 - \u0427\u0435\u043c\u0443 \u043d\u0435 \u0443\u0447\u0430\u0442 \u0432 \u0448\u043a\u043e\u043b\u0435"}
{"name": "226 - The Knife"}
{"name": "227 - \u041a\u043e\u0440\u043e\u043b\u0438 \u0438 \u041a\u0430\u043f\u0443\u0441\u0442\u0430"}
{"name": "228 - \u041d\u043e\u0432\u044b\u0435 \u0417\u0432\u0443\u043a\u0438 \u0421\u0435\u043d\u0442\u044f\u0431\u0440\u044f"}
{"name": "229 - Traveling Wilburys"}
{"name": "230 - \u041f\u0443\u0448\u043a\u0438\u043d\u0441\u043a\u0430\u044f 10"}
{"name": "231 - Juluka"}
{"name": "232 - \u041a\u0430\u0442\u0445\u0430 \u0423\u043f\u0430\u043d\u0438\u0448\u0430\u0434\u0430"}
{"name": "233 - Rog Stars Sing Samhain"}
{"name": "234 - Benefit"}
{"name": "235 - \u0412\u0441\u0435 \u041a\u043e\u0442\u0443 \u041c\u0430\u0441\u043b\u0435\u043d\u0438\u0446\u0430"}
{"name": "236 - Mary Hopkin"}
{"name": "291 - \u041d\u043e\u0432\u044b\u0435 \u041f\u0435\u0441\u043d\u0438 \u0414\u0435\u043a\u0430\u0431\u0440\u044f"}
{"name": "292 - \u041f\u0441\u0430\u043b\u043c\u044b \u0414\u0436\u043e\u0440\u0434\u0436\u0430 \u0425\u0430\u0440\u0440\u0438\u0441\u043e\u043d\u0430"}
{"name": "293 - \u0421 \u0420\u043e\u0436\u0434\u0435\u0441\u0442\u0432\u043e\u043c!"}
{"name": "294 - \u041f\u0440\u0438\u0442\u0447\u0438 \u043d\u043e\u0432\u043e\u0433\u043e \u0433\u043e\u0434\u0430"}
{"name": "295 - Gentle Giant"}
{"name": "296 - Eels"}
{"name": "297 - \u0410\u0440\u0442\u0435\u043b\u044c \"\u0421\u043b\u043e\u043d 6\""}
{"name": "298 - Imbolk"}
{"name": "299 - Rockabilly"}
{"name": "300 - 300 \u043f\u043e\u043b\u0435\u0442\u043e\u0432 \u043e \u043b\u044e\u0431\u0432\u0438"}
{"name": "301 - \u042e\u0433, \u0421\u0435\u0432\u0435\u0440 \u0438 \u0434\u0440\u0443\u0433\u0438\u0435"}
{"name": "302 - Cream"}
{"name": "303 - \u0415\u0441\u043b\u0438 \u043d\u0435\u043b\u044c\u0437\u044f, \u043d\u043e \u043e\u0447\u0435\u043d\u044c \u0445\u043e\u0447\u0435\u0442\u0441\u044f"}
{"name": "304 - \u0421\u043b\u0430\u0432\u0430 \u0412\u043e\u0440\u043e\u0431\u044c\u044f\u043c"}
{"name": "305 - Captain Beefheart"}
{"name": "306 - \u041c\u0430\u0440\u0442\u043e\u0432\u0441\u043a\u0438\u0435 \u0417\u0430\u0439\u0446\u044b"}
{"name": "268 - Leon Redbone"}
{"name": "269 - \u0421\u0438\u0434\u0434\u0445\u0438 \u0438 \u0427\u0443\u0434\u0435\u0441\u0430"}
{"name": "270 - \u041c\u0430\u0441\u0442\u0435\u0440\u043a\u043b\u0430\u0441\u0441 \u0422. \u0423\u044d\u0439\u0442\u0441\u0430"}
{"name": "271 - As Time Goes By"}
{"name": "272 - Lugh 2010"}
{"name": "273 - \u0420\u0438\u0447\u0430\u0440\u0434 \u0411\u0440\u043e\u0443\u0442\u0438\u0433\u0430\u043d"}
{"name": "274 - Musique Moderne"}
{"name": "275 - \u041f\u0435\u0441\u043d\u0438, \u043a\u043e\u0442\u043e\u0440\u044b\u0435 \u044f \u043b\u044e\u0431\u043b\u044e"}
{"name": "276 - \u041f\u043b\u043e\u0434\u044b \u042d\u0442\u043e\u0433\u043e \u041b\u0435\u0442\u0430"}
{"name": "277 - System Of A Down"}
{"name": "278 - \u041d\u0435\u0438\u0433\u0440\u0430\u043d\u043d\u043e\u0435"}
{"name": "279 - \u0411\u0435\u0440\u0434\u044f\u0435\u0432 \u0438 \u0420\u0443\u0441\u0441\u043a\u0438\u0439 \u0420\u043e\u043a"}
{"name": "280 - \u0423\u0440\u043e\u0436\u0430\u0439 \u0421\u0435\u043d\u0442\u044f\u0431\u0440\u044f"}
{"name": "282 - Beatles' Footsteps"}
{"name": "237 - Brian Eno, Part 2"}
{"name": "238 - \u0418\u0442\u043e\u0433\u0438 1\u0439 \u0434\u0435\u043a\u0430\u0434\u044b"}
{"name": "239 - Cotton Mather"}
{"name": "240 - \u041d\u043e\u0432\u043e\u0433\u043e\u0434\u043d\u0438\u0435 \u0437\u0430\u044f\u0432\u043a\u0438"}
{"name": "241 - Christmas Again!"}
{"name": "242 - \u041f\u0440\u0438\u0442\u0447\u0438 2010"}
{"name": "307 - \u041c\u0443\u0437\u044b\u043a\u0430 \u0410\u0440\u043c\u0435\u043d\u0438\u0438"}
{"name": "308 - Human League"}
{"name": "309 - \u041f\u0430\u043b\u044c\u043c\u043e\u0432\u043e\u0435 \u0412\u0438\u043d\u043e"}
{"name": "310 - \u041f\u0430\u0441\u0445\u0430"}
{"name": "311 - Van The Man"}
{"name": "312 - \u0412\u0435\u0440\u0430 \u0427\u0438\u0441\u0442\u043e\u0439 \u0412\u043e\u0434\u044b"}
{"name": "313 - New Age"}
{"name": "314 - \u041d\u043e\u0432\u044b\u0435 \u041f\u0435\u0441\u043d\u0438 \u0412\u0435\u0441\u043d\u044b"}
{"name": "283 - Graceland"}
{"name": "284 - New October Mu"}
{"name": "285 - Pagan Albion"}
{"name": "286 - Post Punk"}
{"name": "287 - \u041c\u043e\u0439 \u0424\u043b\u043e\u0439\u0434"}
{"name": "288 - Coltrane Supreme"}
{"name": "289 - UK 60s (part 5)"}
{"name": "290 - Madness"}
{"name": "363 - \u0411\u0435\u043b\u0442\u0430\u0439\u043d"}
{"name": "364 - 60-\u0435 \u0421\u043d\u043e\u0432\u0430 \u041d\u0430 \u041a\u043e\u043d\u0435"}
{"name": "365 - \u041d\u043e\u0432\u044b\u0435 \u041f\u0435\u0441\u043d\u0438 \u041c\u0430\u044f"}
{"name": "366 - \u0418\u0441\u0442\u043e\u0440\u0438\u044f \"\u041f\u0441\u0438\""}
{"name": "367 - Oasis"}
{"name": "368 - \u041d\u0435\u0438\u0433\u0440\u0430\u043d\u043d\u043e\u0435"}
{"name": "369 - \u0418\u0437 \u0416\u0438\u0437\u043d\u0438 \u041d\u0435\u0441\u0442\u0430 \u0420. \u041c\u0430\u0440\u043b\u0438"}
{"name": "370 - \u041f\u0440\u0435\u043c\u044c\u0435\u0440\u044b \u0418\u044e\u043d\u044f"}
{"name": "371 - \u041b\u0435\u0442\u043d\u0438\u0435 \u0416\u0435\u043b\u0430\u043d\u0438\u044f"}
{"name": "372 - \u041c\u0443\u0437\u044b\u043a\u0430 \u0412\u0442\u043e\u0440\u043e\u0433\u043e \u041f\u043b\u0430\u043d\u0430 (George Shearing)"}
{"name": "373 - \u041f\u0435\u0440\u0435\u0438\u0437\u0434\u0430\u043d\u0438\u044f"}
{"name": "374 - \u041d\u043e\u0432\u043e\u0441\u0442\u0438 \u0441 \u043f\u043e\u043b\u0435\u0439 \u0433\u0430\u0440\u043c\u043e\u043d\u0438\u0438"}
{"name": "375 - \u0414\u0432\u0435\u0440\u044c \u0432 \u0421\u0435\u0433\u043e\u0434\u043d\u044f"}
{"name": "376 - Lugh. \u0428\u0438\u043d\u0435\u0439\u0434"}
{"name": "377 - \u0423\u0440\u043e\u0436\u0430\u0439 \u041d\u0430\u0447\u0430\u043b\u0430 \u0410\u0432\u0433\u0443\u0441\u0442\u0430"}
{"name": "378 - \"\u0412\u043e\u0437\u0434\u0443\u0445\u043e\u043f\u043b\u0430\u0432\u0430\u043d\u0438\u0435 \u0412 \u041a\u043e\u043c\u043f\u0430\u043d\u0438\u0438 \u0421\u0444\u0438\u043d\u043a\u0441\u043e\u0432\""}
{"name": "379 - Cosmo Jarvis"}
{"name": "339 - \u0412\u0430\u0448\u0438 \u0417\u0430\u044f\u0432\u043a\u0438"}
{"name": "340 - Bell X1"}
{"name": "341 - \u041f\u043e\u0434 \u0420\u0430\u0434\u0430\u0440"}
{"name": "342 - Duckworth Lewis Method"}
{"name": "343 - \u041d\u043e\u0432\u0430\u044f \u0420\u043e\u043c\u0430\u043d\u0442\u0438\u043a\u0430"}
{"name": "344 - \u0421\u0432\u044f\u0442\u043e\u0439 \u041a\u0438\u0442"}
{"name": "345 - Happy Christmas!"}
{"name": "346 - \u0421 \u041d\u043e\u0432\u044b\u043c \u0413\u043e\u0434\u043e\u043c!"}
{"name": "347 - \u041e\u0431\u043e \u0412\u0441\u0435\u043c \u041f\u043e\u043d\u0435\u043c\u043d\u043e\u0433\u0443"}
{"name": "348 - \u0421\u043e\u0432\u0441\u0435\u043c \u041d\u043e\u0432\u044b\u0435 \u041f\u0435\u0441\u043d\u0438"}
{"name": "349 - \u041e\u0445\u043e\u0442\u0430 \u041a \u041f\u0435\u0440\u0435\u043c\u0435\u043d\u0435 \u041c\u0435\u0441\u0442"}
{"name": "350 - Imbolc 2012"}
{"name": "351 - Gryphon Prog"}
{"name": "352 - Haydn"}
{"name": "353 - \u041c\u0435\u043b\u0430\u043d\u0445\u043e\u043b\u0438\u044f"}
{"name": "354 - \u041a\u0430\u043b\u0438\u043f\u0441\u043e \u0438 \u0434\u0440\u0443\u0433\u0438\u0435"}
{"name": "355 - Slade"}
{"name": "356 - \u0410 \u044d\u0442\u043e \u043a\u0442\u043e \u0442\u0430\u043a\u0438\u0435?"}
{"name": "313 - New Age"}
{"name": "314 - \u041d\u043e\u0432\u044b\u0435 \u041f\u0435\u0441\u043d\u0438 \u0412\u0435\u0441\u043d\u044b"}
{"name": "315 - \u041c\u0430\u0442\u0440\u0438\u0446\u0430 \u0411\u0430\u0431\u044b-\u042f\u0433\u0438"}
{"name": "316 - \u0418\u043a\u043e\u043d\u043e\u0441\u0442\u0430\u0441"}
{"name": "317 - \u041e\u0441\u0442\u0440\u043e\u0432 \u043e\u0433\u043d\u044f \u0438 \u043b\u044c\u0434\u0430"}
{"name": "318 - \u0422\u0440\u0438 \u043c\u0438\u043d\u0443\u0442\u044b \u0441\u043b\u0430\u0432\u044b"}
{"name": "319 - Sam Cooke"}
{"name": "320 - \u041e\u0441\u0442\u0440\u043e\u0432\u0430 \u0411\u043b\u0430\u0436\u0435\u043d\u043d\u044b\u0445"}
{"name": "321 - Melanie"}
{"name": "322 - \u0417\u0432\u0443\u043a\u0438 \u044d\u0442\u043e\u0433\u043e \u043b\u0435\u0442\u0430"}
{"name": "323 - \"Exile On Main Street\""}
{"name": "324 - Lugh, 2011"}
{"name": "325 - Ringo!"}
{"name": "326 - \u0412\u0430\u043b\u044c\u0441"}
{"name": "327 - \"\u041c\u044b\u0441\u043b\u0438\u0442\u0435\u043b\u044c\""}
{"name": "328 - Lovin' Spoonful"}
{"name": "329 - \u0427\u0436\u0443\u0430\u043d \u0426\u0437\u044b"}
{"name": "380 - \u041e \u0421\u0440\u0435\u0437\u0430\u043d\u0438\u0438 \u0422\u0440\u0430\u0432\u044b"}
{"name": "381 - \u0423\u0441\u043b\u044b\u0448\u0430\u043d\u043d\u043e\u0435 \u0412\u043e \u0421\u043d\u0435"}
{"name": "382 - 9 \u0417\u0430\u043c\u0435\u0442\u043e\u043a \u041e \u041f\u0430\u0440\u0438\u0436\u0435"}
{"name": "383 - \u0421\u043e\u043a\u0440\u043e\u0432\u0435\u043d\u043d\u044b\u0435 \u041f\u0435\u0441\u043d\u0438"}
{"name": "384 - \u041d\u043e\u0432\u043e\u0435"}
{"name": "385 - \u041f\u0440\u043e\u0441\u0442\u043e \u0445\u043e\u0440\u043e\u0448\u0438\u0435 \u043f\u0435\u0441\u043d\u0438"}
{"name": "386 - \u0421\u043a\u0430\u043d\u0434\u0438\u043d\u0430\u0432\u0441\u043a\u0438\u0439 \u0414\u0436\u0430\u0437"}
{"name": "357 - \"Parsley, Sage, Rosemary & Thyme\""}
{"name": "358 - \u0425\u0430\u0440\u0440\u0438 \u041f\u0430\u0440\u0447 \u0438 \u0432\u0441\u0435-\u0432\u0441\u0435-\u0432\u0441\u0435"}
{"name": "359 - \u041d\u043e\u0432\u043e\u0432\u044b\u0448\u0435\u0434\u0448\u0435\u0435"}
{"name": "360 - The Monkees"}
{"name": "361 - \u041f\u0430\u0441\u0445\u0430"}
{"name": "362 - \u0421\u0432\u0430\u0434\u0435\u0431\u043d\u044b\u0435 \u043f\u0435\u0441\u043d\u0438"}
{"name": "363 - \u0411\u0435\u043b\u0442\u0430\u0439\u043d"}
{"name": "330 - \u041d\u043e\u0432\u044b\u0435 \u041f\u0435\u0441\u043d\u0438 \u0441\u043e \u0421\u0442\u043e\u0433\u043e\u0432"}
{"name": "331 - \u0411\u0443\u0442\u043b\u0435\u0433"}
{"name": "332 - \u0425\u0440\u043e\u043d\u0438\u043a\u0438 \u0421\u0432\u044f\u0449\u0435\u043d\u043d\u044b\u0445 \u041a\u043e\u0440\u043e\u0432"}
{"name": "333 - \u041d\u0435\u0441\u043b\u044b\u0445\u0430\u043d\u043d\u043e\u0435"}
{"name": "334 - Doo Woop"}
{"name": "335 - Eurythmics"}
{"name": "336 - \u041c\u043e\u043b\u043e\u0434\u043e\u0439 \u0420\u043e\u0434\u0435\u0440\u0438\u043a \u0421."}
{"name": "337 - \u0417\u043e\u043b\u043e\u0442\u043e \u042d\u043b\u044c\u0444\u043e\u0432"}
{"name": "338 - \u041d\u043e\u0432\u044b\u0435 \u041f\u0435\u0441\u043d\u0438 \u041e\u0441\u0435\u043d\u0438"}
{"name": "387 - Jeff Lynne, \"Long Wave\""}
{"name": "388 - \u0410 \u0417\u043d\u0430\u0435\u0442\u0435 \u041b\u0438 \u0412\u044b?"}
{"name": "389 - \u041e'\u041a\u0430\u0440\u043e\u043b\u0430\u043d"}
{"name": "390 - \u041e\u0440\u0433\u0430\u043d"}
{"name": "391 - The Smiths"}
{"name": "392 - \u041d\u043e\u0432\u0438\u043d\u043a\u0438 \u043d\u043e\u044f\u0431\u0440\u044f"}
{"name": "393 - \u041e\u043f\u044f\u0442\u044c \u0437\u0430\u044f\u0432\u043a\u0438"}
{"name": "394 - \"Magical Mystery Tour\""}
{"name": "395 - \u0418\u0440\u043b\u0430\u043d\u0434\u0441\u043a\u043e\u0435 \u0420\u0430\u0433\u0443 12/12"}
{"name": "396 - \u0425\u0438\u043f\u043f\u0438 \u0425\u0438\u043f\u043f\u0438 \u0428\u0435\u0439\u043a"}
{"name": "397 - \u0420\u043e\u0436\u0434\u0435\u0441\u0442\u0432\u043e"}
{"name": "398 - \u0421 \u041d\u043e\u0432\u044b\u043c \u0413\u043e\u0434\u043e\u043c!"}
{"name": "399 - \u041f\u0440\u0438\u0442\u0447\u0438"}
{"name": "400 - \u0411\u043e\u0433\u0435\u043c\u0430"}
{"name": "401 - \"A Beard Of Stars\""}
{"name": "403 - \u041f\u0435\u0441\u043d\u0438 \u0441 \u0438\u0441\u0442\u043e\u0440\u0438\u044f\u043c\u0438"}
{"name": "404 - \u041b\u0443\u0447\u0448\u0438\u0435 \u0410\u043b\u044c\u0431\u043e\u043c\u044b 2012"}
{"name": "405 - \u041d\u043e\u0432\u044b\u0435 \u0410\u043b\u044c\u0431\u043e\u043c\u044b 2013"}
{"name": "406 - Chet Baker"}
{"name": "407 - \u042d\u0442\u0438\u0445 \u041c\u044b \u041d\u0435 \u0421\u043b\u044b\u0448\u0430\u043b\u0438"}
{"name": "408 - \u041f\u043b\u043e\u0445\u043e\u0439 \u041a\u0430\u043a \u0423\u044d\u0439\u0442\u0441"}
{"name": "409 - \u041d\u043e\u0432\u044b\u0435 \u041f\u0435\u0441\u043d\u0438 \u041c\u0430\u0440\u0442\u0430"}
{"name": "410 - \"The Mamas & The Papas\""}
